<?xml version="1.0" encoding="UTF-8"?>
<!-- Generated by org.testng.reporters.JUnitReportReporter -->
<testsuite hostname="LAPTOP-V9S1JKJF" failures="0" tests="1" name="com.practice.NewTest" time="0.015" errors="0" timestamp="2 Jun 2023 06:19:23 GMT">
  <testcase classname="com.practice.NewTest" name="f" time="0.015"/>
</testsuite> <!-- com.practice.NewTest -->
