<?xml version="1.0" encoding="UTF-8"?>
<!-- Generated by org.testng.reporters.JUnitReportReporter -->
<testsuite hostname="LAPTOP-V9S1JKJF" failures="0" tests="1" name="com.practice.Day7_3" time="59.977" errors="0" timestamp="5 Jun 2023 04:51:02 GMT">
  <testcase classname="com.practice.Day7_3" name="underMethod" time="59.977"/>
</testsuite> <!-- com.practice.Day7_3 -->
