<?xml version="1.0" encoding="UTF-8"?>
<!-- Generated by org.testng.reporters.JUnitReportReporter -->
<testsuite hostname="LAPTOP-V9S1JKJF" failures="0" tests="4" name="com.practice.Day7_2" time="0.028" errors="0" timestamp="2 Jun 2023 14:29:44 GMT">
  <testcase classname="com.practice.Day7_2" name="div" time="0.004"/>
  <testcase classname="com.practice.Day7_2" name="mul" time="0.001"/>
  <testcase classname="com.practice.Day7_2" name="add" time="0.021"/>
  <testcase classname="com.practice.Day7_2" name="sub" time="0.002"/>
</testsuite> <!-- com.practice.Day7_2 -->
