<?xml version="1.0" encoding="UTF-8"?>
<!-- Generated by org.testng.reporters.JUnitReportReporter -->
<testsuite hostname="LAPTOP-V9S1JKJF" failures="0" tests="1" name="com.practice.Day7_1" time="150.984" errors="0" timestamp="2 Jun 2023 06:25:35 GMT">
  <testcase classname="com.practice.Day7_1" name="verifyTitle" time="150.984"/>
</testsuite> <!-- com.practice.Day7_1 -->
